UnlimitedBanglaJokes/app/build/intermediates/manifest_merge_blame_file/debug/manifest-merger-blame-debug-report.txt
1<?xml version="1.0" encoding="utf-8"?>
2<manifest xmlns:android="http://schemas.android.com/apk/res/android"
3    package="com.amaderhub.unlimitedbanglajokes"
4    android:versionCode="1"
5    android:versionName="1.0" >
6
7    <uses-sdk
8        android:minSdkVersion="16"
8-->src\main\AndroidManifest.xml
9        android:targetSdkVersion="29" />
9-->src\main\AndroidManifest.xml
10
11    <uses-permission android:name="android.permission.INTERNET" />
11-->src\main\AndroidManifest.xml:5:5-66
11-->src\main\AndroidManifest.xml:5:22-64
12    <uses-permission android:name="android.permission.ACCESS_NETWORK_STATE" />
12-->src\main\AndroidManifest.xml:6:5-78
12-->src\main\AndroidManifest.xml:6:22-76
13    <uses-permission android:name="android.permission.WAKE_LOCK" />
13-->[com.google.android.gms:play-services-measurement-sdk-api:17.1.0] AndroidManifest.xml:25:5-68
13-->[com.google.android.gms:play-services-measurement-sdk-api:17.1.0] AndroidManifest.xml:25:22-65
14
15    <application
15-->src\main\AndroidManifest.xml:8:5-51:19
16        android:allowBackup="true"
16-->src\main\AndroidManifest.xml:9:9-35
17        android:appComponentFactory="androidx.core.app.CoreComponentFactory"
17-->[androidx.core:core:1.1.0] AndroidManifest.xml:24:18-86
18        android:debuggable="true"
19        android:icon="@mipmap/ic_launcher"
19-->src\main\AndroidManifest.xml:10:9-43
20        android:label="@string/app_name"
20-->src\main\AndroidManifest.xml:11:9-41
21        android:roundIcon="@mipmap/ic_launcher_round"
21-->src\main\AndroidManifest.xml:12:9-54
22        android:supportsRtl="true"
22-->src\main\AndroidManifest.xml:13:9-35
23        android:testOnly="true"
24        android:theme="@style/AppTheme" >
24-->src\main\AndroidManifest.xml:14:9-40
25        <activity android:name="com.amaderhub.unlimitedbanglajokes.UnlimitedStoryPage20" />
25-->src\main\AndroidManifest.xml:15:9-67
25-->src\main\AndroidManifest.xml:15:19-55
26        <activity android:name="com.amaderhub.unlimitedbanglajokes.UnlimitedStoryPage19" />
26-->src\main\AndroidManifest.xml:16:9-58
26-->src\main\AndroidManifest.xml:16:19-55
27        <activity android:name="com.amaderhub.unlimitedbanglajokes.UnlimitedStoryPage18" />
27-->src\main\AndroidManifest.xml:17:9-58
27-->src\main\AndroidManifest.xml:17:19-55
28        <activity android:name="com.amaderhub.unlimitedbanglajokes.UnlimitedStoryPage17" />
28-->src\main\AndroidManifest.xml:18:9-58
28-->src\main\AndroidManifest.xml:18:19-55
29        <activity android:name="com.amaderhub.unlimitedbanglajokes.UnlimitedStoryPage16" />
29-->src\main\AndroidManifest.xml:19:9-58
29-->src\main\AndroidManifest.xml:19:19-55
30        <activity android:name="com.amaderhub.unlimitedbanglajokes.UnlimitedStoryPage15" />
30-->src\main\AndroidManifest.xml:20:9-58
30-->src\main\AndroidManifest.xml:20:19-55
31        <activity android:name="com.amaderhub.unlimitedbanglajokes.UnlimitedStoryPage14" />
31-->src\main\AndroidManifest.xml:21:9-58
31-->src\main\AndroidManifest.xml:21:19-55
32        <activity android:name="com.amaderhub.unlimitedbanglajokes.UnlimitedStoryPage13" />
32-->src\main\AndroidManifest.xml:22:9-58
32-->src\main\AndroidManifest.xml:22:19-55
33        <activity android:name="com.amaderhub.unlimitedbanglajokes.UnlimitedStoryPage12" />
33-->src\main\AndroidManifest.xml:23:9-58
33-->src\main\AndroidManifest.xml:23:19-55
34        <activity android:name="com.amaderhub.unlimitedbanglajokes.UnlimitedStoryPage11" />
34-->src\main\AndroidManifest.xml:24:9-58
34-->src\main\AndroidManifest.xml:24:19-55
35        <activity android:name="com.amaderhub.unlimitedbanglajokes.UnlimitedStoryPage10" />
35-->src\main\AndroidManifest.xml:25:9-58
35-->src\main\AndroidManifest.xml:25:19-55
36        <activity android:name="com.amaderhub.unlimitedbanglajokes.UnlimitedStoryPage9" />
36-->src\main\AndroidManifest.xml:26:9-57
36-->src\main\AndroidManifest.xml:26:19-54
37        <activity android:name="com.amaderhub.unlimitedbanglajokes.UnlimitedStoryPage8" />
37-->src\main\AndroidManifest.xml:27:9-57
37-->src\main\AndroidManifest.xml:27:19-54
38        <activity android:name="com.amaderhub.unlimitedbanglajokes.UnlimitedStoryPage7" />
38-->src\main\AndroidManifest.xml:28:9-57
38-->src\main\AndroidManifest.xml:28:19-54
39        <activity android:name="com.amaderhub.unlimitedbanglajokes.UnlimitedStoryPage6" />
39-->src\main\AndroidManifest.xml:29:9-57
39-->src\main\AndroidManifest.xml:29:19-54
40        <activity android:name="com.amaderhub.unlimitedbanglajokes.UnlimitedStoryPage5" />
40-->src\main\AndroidManifest.xml:30:9-57
40-->src\main\AndroidManifest.xml:30:19-54
41        <activity android:name="com.amaderhub.unlimitedbanglajokes.UnlimitedStoryPage4" />
41-->src\main\AndroidManifest.xml:31:9-57
41-->src\main\AndroidManifest.xml:31:19-54
42        <activity android:name="com.amaderhub.unlimitedbanglajokes.UnlimitedStoryPage3" />
42-->src\main\AndroidManifest.xml:32:9-57
42-->src\main\AndroidManifest.xml:32:19-54
43        <activity android:name="com.amaderhub.unlimitedbanglajokes.UnlimitedStoryPage2" />
43-->src\main\AndroidManifest.xml:33:9-57
43-->src\main\AndroidManifest.xml:33:19-54
44        <activity android:name="com.amaderhub.unlimitedbanglajokes.UnlimitedStoryPage1" />
44-->src\main\AndroidManifest.xml:34:9-57
44-->src\main\AndroidManifest.xml:34:19-54
45        <activity android:name="com.amaderhub.unlimitedbanglajokes.ModMatalStory" />
45-->src\main\AndroidManifest.xml:35:9-51
45-->src\main\AndroidManifest.xml:35:19-48
46        <activity android:name="com.amaderhub.unlimitedbanglajokes.NasiruddinHojaStory" />
46-->src\main\AndroidManifest.xml:36:9-57
46-->src\main\AndroidManifest.xml:36:19-54
47        <activity android:name="com.amaderhub.unlimitedbanglajokes.HusbandWifeStory" />
47-->src\main\AndroidManifest.xml:37:9-54
47-->src\main\AndroidManifest.xml:37:19-51
48        <activity android:name="com.amaderhub.unlimitedbanglajokes.Boltu_Story" />
48-->src\main\AndroidManifest.xml:38:9-49
48-->src\main\AndroidManifest.xml:38:19-46
49        <activity android:name="com.amaderhub.unlimitedbanglajokes.Love_Lover_Story" />
49-->src\main\AndroidManifest.xml:39:9-54
49-->src\main\AndroidManifest.xml:39:19-51
50        <activity android:name="com.amaderhub.unlimitedbanglajokes.DoctorPatientStory" />
50-->src\main\AndroidManifest.xml:40:9-56
50-->src\main\AndroidManifest.xml:40:19-53
51        <activity android:name="com.amaderhub.unlimitedbanglajokes.StudentTeacherStory" />
51-->src\main\AndroidManifest.xml:41:9-57
51-->src\main\AndroidManifest.xml:41:19-54
52        <activity android:name="com.amaderhub.unlimitedbanglajokes.GopalvarStory" />
52-->src\main\AndroidManifest.xml:42:9-51
52-->src\main\AndroidManifest.xml:42:19-48
53        <activity android:name="com.amaderhub.unlimitedbanglajokes.MainActivity" >
53-->src\main\AndroidManifest.xml:43:9-49:20
53-->src\main\AndroidManifest.xml:43:19-47
54            <intent-filter>
54-->src\main\AndroidManifest.xml:44:13-48:29
55                <action android:name="android.intent.action.MAIN" />
55-->src\main\AndroidManifest.xml:45:17-69
55-->src\main\AndroidManifest.xml:45:25-66
56
57                <category android:name="android.intent.category.LAUNCHER" />
57-->src\main\AndroidManifest.xml:47:17-77
57-->src\main\AndroidManifest.xml:47:27-74
58            </intent-filter>
59        </activity>
60
61        <!-- Include the AdActivity and InAppPurchaseActivity configChanges and themes. -->
62        <activity
62-->[com.google.android.gms:play-services-ads-lite:19.0.1] AndroidManifest.xml:29:9-33:64
63            android:name="com.google.android.gms.ads.AdActivity"
63-->[com.google.android.gms:play-services-ads-lite:19.0.1] AndroidManifest.xml:30:13-65
64            android:configChanges="keyboard|keyboardHidden|orientation|screenLayout|uiMode|screenSize|smallestScreenSize"
64-->[com.google.android.gms:play-services-ads-lite:19.0.1] AndroidManifest.xml:31:13-122
65            android:exported="false"
65-->[com.google.android.gms:play-services-ads-lite:19.0.1] AndroidManifest.xml:32:13-37
66            android:theme="@android:style/Theme.Translucent" />
66-->[com.google.android.gms:play-services-ads-lite:19.0.1] AndroidManifest.xml:33:13-61
67
68        <provider
68-->[com.google.android.gms:play-services-ads-lite:19.0.1] AndroidManifest.xml:35:9-39:39
69            android:name="com.google.android.gms.ads.MobileAdsInitProvider"
69-->[com.google.android.gms:play-services-ads-lite:19.0.1] AndroidManifest.xml:36:13-76
70            android:authorities="com.amaderhub.unlimitedbanglajokes.mobileadsinitprovider"
70-->[com.google.android.gms:play-services-ads-lite:19.0.1] AndroidManifest.xml:37:13-73
71            android:exported="false"
71-->[com.google.android.gms:play-services-ads-lite:19.0.1] AndroidManifest.xml:38:13-37
72            android:initOrder="100" />
72-->[com.google.android.gms:play-services-ads-lite:19.0.1] AndroidManifest.xml:39:13-36
73
74        <meta-data
74-->[com.google.android.gms:play-services-basement:17.0.0] AndroidManifest.xml:23:9-25:69
75            android:name="com.google.android.gms.version"
75-->[com.google.android.gms:play-services-basement:17.0.0] AndroidManifest.xml:24:13-58
76            android:value="@integer/google_play_services_version" />
76-->[com.google.android.gms:play-services-basement:17.0.0] AndroidManifest.xml:25:13-66
77    </application>
78
79</manifest>